TN:
SF:components/Loading.vue
FN:8,render
FNF:1
FNH:0
FNDA:0,render
DA:3,0
DA:6,0
DA:7,0
DA:9,0
DA:10,0
LF:5
LH:0
BRF:0
BRH:0
end_of_record
TN:
SF:components/Posts/Header.vue
FN:51,_interopRequireDefault
FN:79,render
FN:84,(anonymous_2)
FN:90,(anonymous_3)
FNF:4
FNH:4
FNDA:1,_interopRequireDefault
FNDA:2,render
FNDA:3,(anonymous_2)
FNDA:1,(anonymous_3)
DA:4,1
DA:7,1
DA:45,1
DA:48,1
DA:49,1
DA:50,1
DA:51,1
DA:52,1
DA:56,1
DA:60,1
DA:64,1
DA:67,1
DA:70,1
DA:80,2
DA:81,2
DA:85,3
DA:91,1
DA:98,1
LF:18
LH:18
BRDA:51,0,0,0
BRDA:51,0,1,1
BRDA:51,1,0,1
BRDA:51,1,1,0
BRDA:90,2,0,3
BRDA:90,2,1,2
BRF:6
BRH:4
end_of_record
TN:
SF:pages/index.vue
FN:8,render
FNF:1
FNH:0
FNDA:0,render
DA:3,0
DA:6,0
DA:7,0
DA:9,0
DA:10,0
DA:11,0
LF:6
LH:0
BRF:0
BRH:0
end_of_record
